2024-12-16 15:15:24,101 - ERROR - œÓËÁÓ¯Î‡ Ó¯Ë·Í‡: expected '<document start>', but found '<scalar>'
  in "order\management\commands\load_data.py", line 8, column 1
2024-12-16 15:17:47,738 - ERROR - œÓËÁÓ¯Î‡ Ó¯Ë·Í‡: [Errno 2] No such file or directory: 'order/management/commands/load_data.yaml'
2024-12-16 15:20:11,561 - INFO - ÀÓ„ËÓ‚‡ÌËÂ Ì‡ÒÚÓÂÌÓ ÛÒÔÂ¯ÌÓ.
2024-12-16 15:20:11,672 - ERROR - œÓËÁÓ¯Î‡ Ó¯Ë·Í‡: [Errno 2] No such file or directory: 'order/management/commands/load_data.yaml'
2024-12-16 15:23:33,616 - INFO - ÀÓ„ËÓ‚‡ÌËÂ Ì‡ÒÚÓÂÌÓ ÛÒÔÂ¯ÌÓ.
2024-12-16 15:23:33,729 - ERROR - œÓËÁÓ¯Î‡ Ó¯Ë·Í‡: [Errno 2] No such file or directory: 'order/management/commands/load_data.yaml'
2024-12-16 15:26:55,760 - INFO - ÀÓ„ËÓ‚‡ÌËÂ Ì‡ÒÚÓÂÌÓ ÛÒÔÂ¯ÌÓ.
2024-12-16 15:26:55,889 - INFO - YAML Ù‡ÈÎ ÛÒÔÂ¯ÌÓ Á‡„ÛÊÂÌ.
2024-12-16 15:26:55,916 - ERROR - œÓËÁÓ¯Î‡ Ó¯Ë·Í‡: Invalid field name(s) for model Supplier: 'name'.
2024-12-16 15:27:45,000 - INFO - ÀÓ„ËÓ‚‡ÌËÂ Ì‡ÒÚÓÂÌÓ ÛÒÔÂ¯ÌÓ.
2024-12-16 15:27:45,108 - ERROR - œÓËÁÓ¯Î‡ Ó¯Ë·Í‡: [Errno 2] No such file or directory: 'orders\\shop1.yaml'
2024-12-16 15:28:27,001 - INFO - ÀÓ„ËÓ‚‡ÌËÂ Ì‡ÒÚÓÂÌÓ ÛÒÔÂ¯ÌÓ.
2024-12-16 15:28:27,112 - ERROR - œÓËÁÓ¯Î‡ Ó¯Ë·Í‡: [Errno 2] No such file or directory: 'orders\\shop1.yaml'
2024-12-16 15:29:10,143 - INFO - ÀÓ„ËÓ‚‡ÌËÂ Ì‡ÒÚÓÂÌÓ ÛÒÔÂ¯ÌÓ.
2024-12-16 15:29:10,283 - INFO - YAML Ù‡ÈÎ ÛÒÔÂ¯ÌÓ Á‡„ÛÊÂÌ.
2024-12-16 15:29:10,304 - ERROR - œÓËÁÓ¯Î‡ Ó¯Ë·Í‡: Invalid field name(s) for model Supplier: 'name'.
2024-12-16 15:36:58,423 - INFO - ÀÓ„ËÓ‚‡ÌËÂ Ì‡ÒÚÓÂÌÓ ÛÒÔÂ¯ÌÓ.
2024-12-16 15:36:58,550 - INFO - YAML Ù‡ÈÎ ÛÒÔÂ¯ÌÓ Á‡„ÛÊÂÌ.
2024-12-16 15:36:58,550 - INFO - «‡„ÛÁÍ‡ Ï‡„‡ÁËÌ‡ None...
2024-12-16 15:36:58,588 - INFO - —ÓÁ‰‡Ì‡ ÌÓ‚‡ˇ Í‡ÚÂ„ÓËˇ: —Ï‡ÚÙÓÌ˚ (ID: 224)
2024-12-16 15:36:58,596 - INFO - —ÓÁ‰‡Ì‡ ÌÓ‚‡ˇ Í‡ÚÂ„ÓËˇ: ¿ÍÒÂÒÒÛ‡˚ (ID: 15)
2024-12-16 15:36:58,604 - INFO - —ÓÁ‰‡Ì‡ ÌÓ‚‡ˇ Í‡ÚÂ„ÓËˇ: Flash-Ì‡ÍÓÔËÚÂÎË (ID: 1)
2024-12-16 15:36:58,612 - INFO - —ÓÁ‰‡Ì‡ ÌÓ‚‡ˇ Í‡ÚÂ„ÓËˇ: “ÂÎÂ‚ËÁÓ˚ (ID: 5)
2024-12-16 15:36:58,624 - INFO - —ÓÁ‰‡Ì ÌÓ‚˚È ÔÓ‰ÛÍÚ: —Ï‡ÚÙÓÌ Apple iPhone XS Max 512GB (ÁÓÎÓÚËÒÚ˚È) (ID: 4216292)
2024-12-16 15:36:58,628 - ERROR - œÓËÁÓ¯Î‡ Ó¯Ë·Í‡: Supplier matching query does not exist.
2024-12-16 15:39:22,076 - INFO - –õ–æ–≥–∏—Ä–æ–≤–∞–Ω–∏–µ –Ω–∞—Å—Ç—Ä–æ–µ–Ω–æ —É—Å–ø–µ—à–Ω–æ.
2024-12-16 15:39:22,224 - INFO - YAML —Ñ–∞–π–ª —É—Å–ø–µ—à–Ω–æ –∑–∞–≥—Ä—É–∂–µ–Ω.
2024-12-16 15:39:22,224 - INFO - –ó–∞–≥—Ä—É–∑–∫–∞ –º–∞–≥–∞–∑–∏–Ω–∞ None...
2024-12-16 15:39:22,246 - INFO - –ö–∞—Ç–µ–≥–æ—Ä–∏—è —É–∂–µ —Å—É—â–µ—Å—Ç–≤—É–µ—Ç: –°–º–∞—Ä—Ç—Ñ–æ–Ω—ã (ID: 224)
2024-12-16 15:39:22,249 - INFO - –ö–∞—Ç–µ–≥–æ—Ä–∏—è —É–∂–µ —Å—É—â–µ—Å—Ç–≤—É–µ—Ç: –ê–∫—Å–µ—Å—Å—É–∞—Ä—ã (ID: 15)
2024-12-16 15:39:22,251 - INFO - –ö–∞—Ç–µ–≥–æ—Ä–∏—è —É–∂–µ —Å—É—â–µ—Å—Ç–≤—É–µ—Ç: Flash-–Ω–∞–∫–æ–ø–∏—Ç–µ–ª–∏ (ID: 1)
2024-12-16 15:39:22,253 - INFO - –ö–∞—Ç–µ–≥–æ—Ä–∏—è —É–∂–µ —Å—É—â–µ—Å—Ç–≤—É–µ—Ç: –¢–µ–ª–µ–≤–∏–∑–æ—Ä—ã (ID: 5)
2024-12-16 15:39:22,257 - INFO - –ü—Ä–æ–¥—É–∫—Ç —É–∂–µ —Å—É—â–µ—Å—Ç–≤—É–µ—Ç: –°–º–∞—Ä—Ç—Ñ–æ–Ω Apple iPhone XS Max 512GB (–∑–æ–ª–æ—Ç–∏—Å—Ç—ã–π) (ID: 4216292)
2024-12-16 15:39:22,260 - ERROR - –ü—Ä–æ–∏–∑–æ—à–ª–∞ –æ—à–∏–±–∫–∞: Supplier matching query does not exist.
2024-12-16 15:41:12,703 - INFO - –õ–æ–≥–∏—Ä–æ–≤–∞–Ω–∏–µ –Ω–∞—Å—Ç—Ä–æ–µ–Ω–æ —É—Å–ø–µ—à–Ω–æ.
2024-12-16 15:41:12,837 - INFO - YAML —Ñ–∞–π–ª —É—Å–ø–µ—à–Ω–æ –∑–∞–≥—Ä—É–∂–µ–Ω.
2024-12-16 15:41:12,837 - INFO - –ó–∞–≥—Ä—É–∑–∫–∞ –º–∞–≥–∞–∑–∏–Ω–∞ {'id': 4}
2024-12-16 15:41:12,837 - INFO - –ó–∞–≥—Ä—É–∑–∫–∞ –º–∞–≥–∞–∑–∏–Ω–∞ None...
2024-12-16 15:41:12,860 - INFO - –ö–∞—Ç–µ–≥–æ—Ä–∏—è —É–∂–µ —Å—É—â–µ—Å—Ç–≤—É–µ—Ç: –°–º–∞—Ä—Ç—Ñ–æ–Ω—ã (ID: 224)
2024-12-16 15:41:12,861 - INFO - –ö–∞—Ç–µ–≥–æ—Ä–∏—è —É–∂–µ —Å—É—â–µ—Å—Ç–≤—É–µ—Ç: –ê–∫—Å–µ—Å—Å—É–∞—Ä—ã (ID: 15)
2024-12-16 15:41:12,864 - INFO - –ö–∞—Ç–µ–≥–æ—Ä–∏—è —É–∂–µ —Å—É—â–µ—Å—Ç–≤—É–µ—Ç: Flash-–Ω–∞–∫–æ–ø–∏—Ç–µ–ª–∏ (ID: 1)
2024-12-16 15:41:12,867 - INFO - –ö–∞—Ç–µ–≥–æ—Ä–∏—è —É–∂–µ —Å—É—â–µ—Å—Ç–≤—É–µ—Ç: –¢–µ–ª–µ–≤–∏–∑–æ—Ä—ã (ID: 5)
2024-12-16 15:41:12,872 - INFO - –ü—Ä–æ–¥—É–∫—Ç —É–∂–µ —Å—É—â–µ—Å—Ç–≤—É–µ—Ç: –°–º–∞—Ä—Ç—Ñ–æ–Ω Apple iPhone XS Max 512GB (–∑–æ–ª–æ—Ç–∏—Å—Ç—ã–π) (ID: 4216292)
2024-12-16 15:41:12,875 - ERROR - –ü—Ä–æ–∏–∑–æ—à–ª–∞ –æ—à–∏–±–∫–∞: Supplier matching query does not exist.
2024-12-16 15:47:35,015 - INFO - –õ–æ–≥–∏—Ä–æ–≤–∞–Ω–∏–µ –Ω–∞—Å—Ç—Ä–æ–µ–Ω–æ —É—Å–ø–µ—à–Ω–æ.
2024-12-16 15:47:35,159 - INFO - YAML —Ñ–∞–π–ª —É—Å–ø–µ—à–Ω–æ –∑–∞–≥—Ä—É–∂–µ–Ω.
2024-12-16 15:47:35,159 - INFO - –ó–∞–≥—Ä—É–∑–∫–∞ –º–∞–≥–∞–∑–∏–Ω–∞ {'id': 4}
2024-12-16 15:47:35,185 - INFO - –ö–∞—Ç–µ–≥–æ—Ä–∏—è —É–∂–µ —Å—É—â–µ—Å—Ç–≤—É–µ—Ç: –°–º–∞—Ä—Ç—Ñ–æ–Ω—ã (ID: 224)
2024-12-16 15:47:35,188 - INFO - –ö–∞—Ç–µ–≥–æ—Ä–∏—è —É–∂–µ —Å—É—â–µ—Å—Ç–≤—É–µ—Ç: –ê–∫—Å–µ—Å—Å—É–∞—Ä—ã (ID: 15)
2024-12-16 15:47:35,190 - INFO - –ö–∞—Ç–µ–≥–æ—Ä–∏—è —É–∂–µ —Å—É—â–µ—Å—Ç–≤—É–µ—Ç: Flash-–Ω–∞–∫–æ–ø–∏—Ç–µ–ª–∏ (ID: 1)
2024-12-16 15:47:35,192 - INFO - –ö–∞—Ç–µ–≥–æ—Ä–∏—è —É–∂–µ —Å—É—â–µ—Å—Ç–≤—É–µ—Ç: –¢–µ–ª–µ–≤–∏–∑–æ—Ä—ã (ID: 5)
2024-12-16 15:47:35,197 - INFO - –ü—Ä–æ–¥—É–∫—Ç —É–∂–µ —Å—É—â–µ—Å—Ç–≤—É–µ—Ç: –°–º–∞—Ä—Ç—Ñ–æ–Ω Apple iPhone XS Max 512GB (–∑–æ–ª–æ—Ç–∏—Å—Ç—ã–π) (ID: 4216292)
2024-12-16 15:47:35,197 - ERROR - –ü—Ä–æ–∏–∑–æ—à–ª–∞ –æ—à–∏–±–∫–∞: Cannot assign "{'id': 4}": "ProductInfo.shop" must be a "Supplier" instance.
2024-12-16 15:49:26,741 - INFO - –õ–æ–≥–∏—Ä–æ–≤–∞–Ω–∏–µ –Ω–∞—Å—Ç—Ä–æ–µ–Ω–æ —É—Å–ø–µ—à–Ω–æ.
2024-12-16 15:49:26,881 - INFO - YAML —Ñ–∞–π–ª —É—Å–ø–µ—à–Ω–æ –∑–∞–≥—Ä—É–∂–µ–Ω.
2024-12-16 15:49:26,885 - INFO - –ó–∞–≥—Ä—É–∑–∫–∞ –º–∞–≥–∞–∑–∏–Ω–∞ {'id': 4}
2024-12-16 15:49:26,909 - INFO - –ö–∞—Ç–µ–≥–æ—Ä–∏—è —É–∂–µ —Å—É—â–µ—Å—Ç–≤—É–µ—Ç: –°–º–∞—Ä—Ç—Ñ–æ–Ω—ã (ID: 224)
2024-12-16 15:49:26,911 - INFO - –ö–∞—Ç–µ–≥–æ—Ä–∏—è —É–∂–µ —Å—É—â–µ—Å—Ç–≤—É–µ—Ç: –ê–∫—Å–µ—Å—Å—É–∞—Ä—ã (ID: 15)
2024-12-16 15:49:26,915 - INFO - –ö–∞—Ç–µ–≥–æ—Ä–∏—è —É–∂–µ —Å—É—â–µ—Å—Ç–≤—É–µ—Ç: Flash-–Ω–∞–∫–æ–ø–∏—Ç–µ–ª–∏ (ID: 1)
2024-12-16 15:49:26,917 - INFO - –ö–∞—Ç–µ–≥–æ—Ä–∏—è —É–∂–µ —Å—É—â–µ—Å—Ç–≤—É–µ—Ç: –¢–µ–ª–µ–≤–∏–∑–æ—Ä—ã (ID: 5)
2024-12-16 15:49:26,924 - INFO - –ü—Ä–æ–¥—É–∫—Ç —É–∂–µ —Å—É—â–µ—Å—Ç–≤—É–µ—Ç: –°–º–∞—Ä—Ç—Ñ–æ–Ω Apple iPhone XS Max 512GB (–∑–æ–ª–æ—Ç–∏—Å—Ç—ã–π) (ID: 4216292)
2024-12-16 15:49:26,924 - ERROR - –ü—Ä–æ–∏–∑–æ—à–ª–∞ –æ—à–∏–±–∫–∞: Cannot assign "[{'id': 4}]": "ProductInfo.shop" must be a "Supplier" instance.
2024-12-16 15:52:47,851 - INFO - –õ–æ–≥–∏—Ä–æ–≤–∞–Ω–∏–µ –Ω–∞—Å—Ç—Ä–æ–µ–Ω–æ —É—Å–ø–µ—à–Ω–æ.
2024-12-16 15:52:47,966 - INFO - YAML —Ñ–∞–π–ª —É—Å–ø–µ—à–Ω–æ –∑–∞–≥—Ä—É–∂–µ–Ω.
2024-12-16 15:52:47,988 - INFO - –ö–∞—Ç–µ–≥–æ—Ä–∏—è —É–∂–µ —Å—É—â–µ—Å—Ç–≤—É–µ—Ç: –°–º–∞—Ä—Ç—Ñ–æ–Ω—ã (ID: 224)
2024-12-16 15:52:47,991 - INFO - –ö–∞—Ç–µ–≥–æ—Ä–∏—è —É–∂–µ —Å—É—â–µ—Å—Ç–≤—É–µ—Ç: –ê–∫—Å–µ—Å—Å—É–∞—Ä—ã (ID: 15)
2024-12-16 15:52:47,993 - INFO - –ö–∞—Ç–µ–≥–æ—Ä–∏—è —É–∂–µ —Å—É—â–µ—Å—Ç–≤—É–µ—Ç: Flash-–Ω–∞–∫–æ–ø–∏—Ç–µ–ª–∏ (ID: 1)
2024-12-16 15:52:47,995 - INFO - –ö–∞—Ç–µ–≥–æ—Ä–∏—è —É–∂–µ —Å—É—â–µ—Å—Ç–≤—É–µ—Ç: –¢–µ–ª–µ–≤–∏–∑–æ—Ä—ã (ID: 5)
2024-12-16 15:52:48,000 - INFO - –ü—Ä–æ–¥—É–∫—Ç —É–∂–µ —Å—É—â–µ—Å—Ç–≤—É–µ—Ç: –°–º–∞—Ä—Ç—Ñ–æ–Ω Apple iPhone XS Max 512GB (–∑–æ–ª–æ—Ç–∏—Å—Ç—ã–π) (ID: 4216292)
2024-12-16 15:52:48,003 - ERROR - –ü–æ—Å—Ç–∞–≤—â–∏–∫ —Å ID 4 –Ω–µ –Ω–∞–π–¥–µ–Ω.
2024-12-16 15:52:48,016 - INFO - –°–æ–∑–¥–∞–Ω –Ω–æ–≤—ã–π –ø—Ä–æ–¥—É–∫—Ç: –°–º–∞—Ä—Ç—Ñ–æ–Ω Apple iPhone XR 256GB (–∫—Ä–∞—Å–Ω—ã–π) (ID: 4216313)
2024-12-16 15:52:48,018 - ERROR - –ü–æ—Å—Ç–∞–≤—â–∏–∫ —Å ID 4 –Ω–µ –Ω–∞–π–¥–µ–Ω.
2024-12-16 15:52:48,030 - INFO - –°–æ–∑–¥–∞–Ω –Ω–æ–≤—ã–π –ø—Ä–æ–¥—É–∫—Ç: –°–º–∞—Ä—Ç—Ñ–æ–Ω Apple iPhone XR 256GB (—á–µ—Ä–Ω—ã–π) (ID: 4216226)
2024-12-16 15:52:48,032 - ERROR - –ü–æ—Å—Ç–∞–≤—â–∏–∫ —Å ID 4 –Ω–µ –Ω–∞–π–¥–µ–Ω.
2024-12-16 15:52:48,045 - INFO - –°–æ–∑–¥–∞–Ω –Ω–æ–≤—ã–π –ø—Ä–æ–¥—É–∫—Ç: –°–º–∞—Ä—Ç—Ñ–æ–Ω Apple iPhone XR 128GB (—Å–∏–Ω–∏–π) (ID: 4672670)
2024-12-16 15:52:48,048 - ERROR - –ü–æ—Å—Ç–∞–≤—â–∏–∫ —Å ID 4 –Ω–µ –Ω–∞–π–¥–µ–Ω.
2024-12-16 15:52:48,062 - INFO - –°–æ–∑–¥–∞–Ω –Ω–æ–≤—ã–π –ø—Ä–æ–¥—É–∫—Ç: Smartphone Samsung Galaxy S20 128GB (black) (ID: 1234567)
2024-12-16 15:52:48,065 - ERROR - –ü–æ—Å—Ç–∞–≤—â–∏–∫ —Å ID 4 –Ω–µ –Ω–∞–π–¥–µ–Ω.
2024-12-16 15:52:48,076 - INFO - –°–æ–∑–¥–∞–Ω –Ω–æ–≤—ã–π –ø—Ä–æ–¥—É–∫—Ç: Smartphone Samsung Galaxy Note20 256GB (mystic bronze) (ID: 1234568)
2024-12-16 15:52:48,078 - ERROR - –ü–æ—Å—Ç–∞–≤—â–∏–∫ —Å ID 4 –Ω–µ –Ω–∞–π–¥–µ–Ω.
2024-12-16 15:52:48,090 - INFO - –°–æ–∑–¥–∞–Ω –Ω–æ–≤—ã–π –ø—Ä–æ–¥—É–∫—Ç: USB Flash Drive SanDisk Ultra Flair 64GB (silver) (ID: 1235464569)
2024-12-16 15:52:48,092 - ERROR - –ü–æ—Å—Ç–∞–≤—â–∏–∫ —Å ID 4 –Ω–µ –Ω–∞–π–¥–µ–Ω.
2024-12-16 15:52:48,103 - INFO - –°–æ–∑–¥–∞–Ω –Ω–æ–≤—ã–π –ø—Ä–æ–¥—É–∫—Ç: USB Flash Drive Kingston DataTraveler 32GB (red) (ID: 1235434570)
2024-12-16 15:52:48,106 - ERROR - –ü–æ—Å—Ç–∞–≤—â–∏–∫ —Å ID 4 –Ω–µ –Ω–∞–π–¥–µ–Ω.
2024-12-16 15:52:48,117 - INFO - –°–æ–∑–¥–∞–Ω –Ω–æ–≤—ã–π –ø—Ä–æ–¥—É–∫—Ç: Smartphone Xiaomi Mi 10T Pro 256GB (cosmic black) (ID: 123544571)
2024-12-16 15:52:48,119 - ERROR - –ü–æ—Å—Ç–∞–≤—â–∏–∫ —Å ID 4 –Ω–µ –Ω–∞–π–¥–µ–Ω.
2024-12-16 15:52:48,130 - INFO - –°–æ–∑–¥–∞–Ω –Ω–æ–≤—ã–π –ø—Ä–æ–¥—É–∫—Ç: Samsung QLED Q90R 65" 4K UHD Smart TV (ID: 1234572)
2024-12-16 15:52:48,133 - ERROR - –ü–æ—Å—Ç–∞–≤—â–∏–∫ —Å ID 4 –Ω–µ –Ω–∞–π–¥–µ–Ω.
2024-12-16 15:52:48,144 - INFO - –°–æ–∑–¥–∞–Ω –Ω–æ–≤—ã–π –ø—Ä–æ–¥—É–∫—Ç: LG OLED CX 55" 4K UHD Smart TV (ID: 123476573)
2024-12-16 15:52:48,147 - ERROR - –ü–æ—Å—Ç–∞–≤—â–∏–∫ —Å ID 4 –Ω–µ –Ω–∞–π–¥–µ–Ω.
2024-12-16 15:52:48,157 - INFO - –°–æ–∑–¥–∞–Ω –Ω–æ–≤—ã–π –ø—Ä–æ–¥—É–∫—Ç: Sony Bravia X900H 75" 4K UHD Smart TV (ID: 1234453574)
2024-12-16 15:52:48,161 - ERROR - –ü–æ—Å—Ç–∞–≤—â–∏–∫ —Å ID 4 –Ω–µ –Ω–∞–π–¥–µ–Ω.
2024-12-16 15:52:48,171 - INFO - –°–æ–∑–¥–∞–Ω –Ω–æ–≤—ã–π –ø—Ä–æ–¥—É–∫—Ç: TCL 6-Series 55" 4K UHD Smart TV (ID: 123234575)
2024-12-16 15:52:48,174 - ERROR - –ü–æ—Å—Ç–∞–≤—â–∏–∫ —Å ID 4 –Ω–µ –Ω–∞–π–¥–µ–Ω.
2024-12-16 15:52:48,185 - INFO - –°–æ–∑–¥–∞–Ω –Ω–æ–≤—ã–π –ø—Ä–æ–¥—É–∫—Ç: Vizio P-Series Quantum 65" 4K UHD Smart TV (ID: 123424576)
2024-12-16 15:52:48,189 - ERROR - –ü–æ—Å—Ç–∞–≤—â–∏–∫ —Å ID 4 –Ω–µ –Ω–∞–π–¥–µ–Ω.
2024-12-16 15:52:48,189 - INFO - –î–∞–Ω–Ω—ã–µ —É—Å–ø–µ—à–Ω–æ –∑–∞–≥—Ä—É–∂–µ–Ω—ã!
2024-12-16 16:12:23,081 - INFO - –õ–æ–≥–∏—Ä–æ–≤–∞–Ω–∏–µ –Ω–∞—Å—Ç—Ä–æ–µ–Ω–æ —É—Å–ø–µ—à–Ω–æ.
2024-12-16 16:12:23,242 - INFO - YAML —Ñ–∞–π–ª —É—Å–ø–µ—à–Ω–æ –∑–∞–≥—Ä—É–∂–µ–Ω.
2024-12-16 16:12:23,266 - INFO - –ö–∞—Ç–µ–≥–æ—Ä–∏—è —É–∂–µ —Å—É—â–µ—Å—Ç–≤—É–µ—Ç: –°–º–∞—Ä—Ç—Ñ–æ–Ω—ã (ID: 224)
2024-12-16 16:12:23,269 - INFO - –ö–∞—Ç–µ–≥–æ—Ä–∏—è —É–∂–µ —Å—É—â–µ—Å—Ç–≤—É–µ—Ç: –ê–∫—Å–µ—Å—Å—É–∞—Ä—ã (ID: 15)
2024-12-16 16:12:23,272 - INFO - –ö–∞—Ç–µ–≥–æ—Ä–∏—è —É–∂–µ —Å—É—â–µ—Å—Ç–≤—É–µ—Ç: Flash-–Ω–∞–∫–æ–ø–∏—Ç–µ–ª–∏ (ID: 1)
2024-12-16 16:12:23,274 - INFO - –ö–∞—Ç–µ–≥–æ—Ä–∏—è —É–∂–µ —Å—É—â–µ—Å—Ç–≤—É–µ—Ç: –¢–µ–ª–µ–≤–∏–∑–æ—Ä—ã (ID: 5)
2024-12-16 16:12:23,280 - INFO - –ü—Ä–æ–¥—É–∫—Ç —É–∂–µ —Å—É—â–µ—Å—Ç–≤—É–µ—Ç: –°–º–∞—Ä—Ç—Ñ–æ–Ω Apple iPhone XS Max 512GB (–∑–æ–ª–æ—Ç–∏—Å—Ç—ã–π) (ID: 4216292)
2024-12-16 16:12:23,290 - INFO - –°–æ–∑–¥–∞–Ω–∞ –∏–Ω—Ñ–æ—Ä–º–∞—Ü–∏—è –æ –ø—Ä–æ–¥—É–∫—Ç–µ –¥–ª—è: –°–º–∞—Ä—Ç—Ñ–æ–Ω Apple iPhone XS Max 512GB (–∑–æ–ª–æ—Ç–∏—Å—Ç—ã–π) (ID: 4216292) –≤ –º–∞–≥–∞–∑–∏–Ω–µ Maha
2024-12-16 16:12:23,295 - INFO - –ü—Ä–æ–¥—É–∫—Ç —É–∂–µ —Å—É—â–µ—Å—Ç–≤—É–µ—Ç: –°–º–∞—Ä—Ç—Ñ–æ–Ω Apple iPhone XR 256GB (–∫—Ä–∞—Å–Ω—ã–π) (ID: 4216313)
2024-12-16 16:12:23,303 - INFO - –°–æ–∑–¥–∞–Ω–∞ –∏–Ω—Ñ–æ—Ä–º–∞—Ü–∏—è –æ –ø—Ä–æ–¥—É–∫—Ç–µ –¥–ª—è: –°–º–∞—Ä—Ç—Ñ–æ–Ω Apple iPhone XR 256GB (–∫—Ä–∞—Å–Ω—ã–π) (ID: 4216313) –≤ –º–∞–≥–∞–∑–∏–Ω–µ Maha
2024-12-16 16:12:23,308 - INFO - –ü—Ä–æ–¥—É–∫—Ç —É–∂–µ —Å—É—â–µ—Å—Ç–≤—É–µ—Ç: –°–º–∞—Ä—Ç—Ñ–æ–Ω Apple iPhone XR 256GB (—á–µ—Ä–Ω—ã–π) (ID: 4216226)
2024-12-16 16:12:23,314 - INFO - –°–æ–∑–¥–∞–Ω–∞ –∏–Ω—Ñ–æ—Ä–º–∞—Ü–∏—è –æ –ø—Ä–æ–¥—É–∫—Ç–µ –¥–ª—è: –°–º–∞—Ä—Ç—Ñ–æ–Ω Apple iPhone XR 256GB (—á–µ—Ä–Ω—ã–π) (ID: 4216226) –≤ –º–∞–≥–∞–∑–∏–Ω–µ Maha
2024-12-16 16:12:23,319 - INFO - –ü—Ä–æ–¥—É–∫—Ç —É–∂–µ —Å—É—â–µ—Å—Ç–≤—É–µ—Ç: –°–º–∞—Ä—Ç—Ñ–æ–Ω Apple iPhone XR 128GB (—Å–∏–Ω–∏–π) (ID: 4672670)
2024-12-16 16:12:23,325 - INFO - –°–æ–∑–¥–∞–Ω–∞ –∏–Ω—Ñ–æ—Ä–º–∞—Ü–∏—è –æ –ø—Ä–æ–¥—É–∫—Ç–µ –¥–ª—è: –°–º–∞—Ä—Ç—Ñ–æ–Ω Apple iPhone XR 128GB (—Å–∏–Ω–∏–π) (ID: 4672670) –≤ –º–∞–≥–∞–∑–∏–Ω–µ Maha
2024-12-16 16:12:23,331 - INFO - –ü—Ä–æ–¥—É–∫—Ç —É–∂–µ —Å—É—â–µ—Å—Ç–≤—É–µ—Ç: Smartphone Samsung Galaxy S20 128GB (black) (ID: 1234567)
2024-12-16 16:12:23,338 - INFO - –°–æ–∑–¥–∞–Ω–∞ –∏–Ω—Ñ–æ—Ä–º–∞—Ü–∏—è –æ –ø—Ä–æ–¥—É–∫—Ç–µ –¥–ª—è: Smartphone Samsung Galaxy S20 128GB (black) (ID: 1234567) –≤ –º–∞–≥–∞–∑–∏–Ω–µ Maha
2024-12-16 16:12:23,343 - INFO - –ü—Ä–æ–¥—É–∫—Ç —É–∂–µ —Å—É—â–µ—Å—Ç–≤—É–µ—Ç: Smartphone Samsung Galaxy Note20 256GB (mystic bronze) (ID: 1234568)
2024-12-16 16:12:23,349 - INFO - –°–æ–∑–¥–∞–Ω–∞ –∏–Ω—Ñ–æ—Ä–º–∞—Ü–∏—è –æ –ø—Ä–æ–¥—É–∫—Ç–µ –¥–ª—è: Smartphone Samsung Galaxy Note20 256GB (mystic bronze) (ID: 1234568) –≤ –º–∞–≥–∞–∑–∏–Ω–µ Maha
2024-12-16 16:12:23,355 - INFO - –ü—Ä–æ–¥—É–∫—Ç —É–∂–µ —Å—É—â–µ—Å—Ç–≤—É–µ—Ç: USB Flash Drive SanDisk Ultra Flair 64GB (silver) (ID: 1235464569)
2024-12-16 16:12:23,361 - INFO - –°–æ–∑–¥–∞–Ω–∞ –∏–Ω—Ñ–æ—Ä–º–∞—Ü–∏—è –æ –ø—Ä–æ–¥—É–∫—Ç–µ –¥–ª—è: USB Flash Drive SanDisk Ultra Flair 64GB (silver) (ID: 1235464569) –≤ –º–∞–≥–∞–∑–∏–Ω–µ Maha
2024-12-16 16:12:23,366 - INFO - –ü—Ä–æ–¥—É–∫—Ç —É–∂–µ —Å—É—â–µ—Å—Ç–≤—É–µ—Ç: USB Flash Drive Kingston DataTraveler 32GB (red) (ID: 1235434570)
2024-12-16 16:12:23,372 - INFO - –°–æ–∑–¥–∞–Ω–∞ –∏–Ω—Ñ–æ—Ä–º–∞—Ü–∏—è –æ –ø—Ä–æ–¥—É–∫—Ç–µ –¥–ª—è: USB Flash Drive Kingston DataTraveler 32GB (red) (ID: 1235434570) –≤ –º–∞–≥–∞–∑–∏–Ω–µ Maha
2024-12-16 16:12:23,376 - INFO - –ü—Ä–æ–¥—É–∫—Ç —É–∂–µ —Å—É—â–µ—Å—Ç–≤—É–µ—Ç: Smartphone Xiaomi Mi 10T Pro 256GB (cosmic black) (ID: 123544571)
2024-12-16 16:12:23,383 - INFO - –°–æ–∑–¥–∞–Ω–∞ –∏–Ω—Ñ–æ—Ä–º–∞—Ü–∏—è –æ –ø—Ä–æ–¥—É–∫—Ç–µ –¥–ª—è: Smartphone Xiaomi Mi 10T Pro 256GB (cosmic black) (ID: 123544571) –≤ –º–∞–≥–∞–∑–∏–Ω–µ Maha
2024-12-16 16:12:23,387 - INFO - –ü—Ä–æ–¥—É–∫—Ç —É–∂–µ —Å—É—â–µ—Å—Ç–≤—É–µ—Ç: Samsung QLED Q90R 65" 4K UHD Smart TV (ID: 1234572)
2024-12-16 16:12:23,393 - INFO - –°–æ–∑–¥–∞–Ω–∞ –∏–Ω—Ñ–æ—Ä–º–∞—Ü–∏—è –æ –ø—Ä–æ–¥—É–∫—Ç–µ –¥–ª—è: Samsung QLED Q90R 65" 4K UHD Smart TV (ID: 1234572) –≤ –º–∞–≥–∞–∑–∏–Ω–µ Maha
2024-12-16 16:12:23,398 - INFO - –ü—Ä–æ–¥—É–∫—Ç —É–∂–µ —Å—É—â–µ—Å—Ç–≤—É–µ—Ç: LG OLED CX 55" 4K UHD Smart TV (ID: 123476573)
2024-12-16 16:12:23,405 - INFO - –°–æ–∑–¥–∞–Ω–∞ –∏–Ω—Ñ–æ—Ä–º–∞—Ü–∏—è –æ –ø—Ä–æ–¥—É–∫—Ç–µ –¥–ª—è: LG OLED CX 55" 4K UHD Smart TV (ID: 123476573) –≤ –º–∞–≥–∞–∑–∏–Ω–µ Maha
2024-12-16 16:12:23,410 - INFO - –ü—Ä–æ–¥—É–∫—Ç —É–∂–µ —Å—É—â–µ—Å—Ç–≤—É–µ—Ç: Sony Bravia X900H 75" 4K UHD Smart TV (ID: 1234453574)
2024-12-16 16:12:23,417 - INFO - –°–æ–∑–¥–∞–Ω–∞ –∏–Ω—Ñ–æ—Ä–º–∞—Ü–∏—è –æ –ø—Ä–æ–¥—É–∫—Ç–µ –¥–ª—è: Sony Bravia X900H 75" 4K UHD Smart TV (ID: 1234453574) –≤ –º–∞–≥–∞–∑–∏–Ω–µ Maha
2024-12-16 16:12:23,422 - INFO - –ü—Ä–æ–¥—É–∫—Ç —É–∂–µ —Å—É—â–µ—Å—Ç–≤—É–µ—Ç: TCL 6-Series 55" 4K UHD Smart TV (ID: 123234575)
2024-12-16 16:12:23,428 - INFO - –°–æ–∑–¥–∞–Ω–∞ –∏–Ω—Ñ–æ—Ä–º–∞—Ü–∏—è –æ –ø—Ä–æ–¥—É–∫—Ç–µ –¥–ª—è: TCL 6-Series 55" 4K UHD Smart TV (ID: 123234575) –≤ –º–∞–≥–∞–∑–∏–Ω–µ Maha
2024-12-16 16:12:23,432 - INFO - –ü—Ä–æ–¥—É–∫—Ç —É–∂–µ —Å—É—â–µ—Å—Ç–≤—É–µ—Ç: Vizio P-Series Quantum 65" 4K UHD Smart TV (ID: 123424576)
2024-12-16 16:12:23,439 - INFO - –°–æ–∑–¥–∞–Ω–∞ –∏–Ω—Ñ–æ—Ä–º–∞—Ü–∏—è –æ –ø—Ä–æ–¥—É–∫—Ç–µ –¥–ª—è: Vizio P-Series Quantum 65" 4K UHD Smart TV (ID: 123424576) –≤ –º–∞–≥–∞–∑–∏–Ω–µ Maha
2024-12-16 16:12:23,439 - INFO - –î–∞–Ω–Ω—ã–µ —É—Å–ø–µ—à–Ω–æ –∑–∞–≥—Ä—É–∂–µ–Ω—ã!
2024-12-16 16:15:40,627 - INFO - –õ–æ–≥–∏—Ä–æ–≤–∞–Ω–∏–µ –Ω–∞—Å—Ç—Ä–æ–µ–Ω–æ —É—Å–ø–µ—à–Ω–æ.
2024-12-16 16:15:40,753 - INFO - YAML —Ñ–∞–π–ª —É—Å–ø–µ—à–Ω–æ –∑–∞–≥—Ä—É–∂–µ–Ω.
2024-12-16 16:15:40,787 - INFO - –ö–∞—Ç–µ–≥–æ—Ä–∏—è —É–∂–µ —Å—É—â–µ—Å—Ç–≤—É–µ—Ç: –°–º–∞—Ä—Ç—Ñ–æ–Ω—ã (ID: 224)
2024-12-16 16:15:40,789 - INFO - –ö–∞—Ç–µ–≥–æ—Ä–∏—è —É–∂–µ —Å—É—â–µ—Å—Ç–≤—É–µ—Ç: –ê–∫—Å–µ—Å—Å—É–∞—Ä—ã (ID: 15)
2024-12-16 16:15:40,792 - INFO - –ö–∞—Ç–µ–≥–æ—Ä–∏—è —É–∂–µ —Å—É—â–µ—Å—Ç–≤—É–µ—Ç: Flash-–Ω–∞–∫–æ–ø–∏—Ç–µ–ª–∏ (ID: 1)
2024-12-16 16:15:40,794 - INFO - –ö–∞—Ç–µ–≥–æ—Ä–∏—è —É–∂–µ —Å—É—â–µ—Å—Ç–≤—É–µ—Ç: –¢–µ–ª–µ–≤–∏–∑–æ—Ä—ã (ID: 5)
2024-12-16 16:15:40,795 - ERROR - –ü—Ä–æ–∏–∑–æ—à–ª–∞ –æ—à–∏–±–∫–∞: cannot access local variable 'good' where it is not associated with a value
2024-12-16 16:19:15,678 - INFO - –õ–æ–≥–∏—Ä–æ–≤–∞–Ω–∏–µ –Ω–∞—Å—Ç—Ä–æ–µ–Ω–æ —É—Å–ø–µ—à–Ω–æ.
2024-12-16 16:19:15,819 - INFO - YAML —Ñ–∞–π–ª —É—Å–ø–µ—à–Ω–æ –∑–∞–≥—Ä—É–∂–µ–Ω.
2024-12-16 16:19:15,841 - INFO - –ö–∞—Ç–µ–≥–æ—Ä–∏—è —É–∂–µ —Å—É—â–µ—Å—Ç–≤—É–µ—Ç: –°–º–∞—Ä—Ç—Ñ–æ–Ω—ã (ID: 224)
2024-12-16 16:19:15,844 - INFO - –ö–∞—Ç–µ–≥–æ—Ä–∏—è —É–∂–µ —Å—É—â–µ—Å—Ç–≤—É–µ—Ç: –ê–∫—Å–µ—Å—Å—É–∞—Ä—ã (ID: 15)
2024-12-16 16:19:15,846 - INFO - –ö–∞—Ç–µ–≥–æ—Ä–∏—è —É–∂–µ —Å—É—â–µ—Å—Ç–≤—É–µ—Ç: Flash-–Ω–∞–∫–æ–ø–∏—Ç–µ–ª–∏ (ID: 1)
2024-12-16 16:19:15,849 - INFO - –ö–∞—Ç–µ–≥–æ—Ä–∏—è —É–∂–µ —Å—É—â–µ—Å—Ç–≤—É–µ—Ç: –¢–µ–ª–µ–≤–∏–∑–æ—Ä—ã (ID: 5)
2024-12-16 16:19:15,853 - INFO - –ü—Ä–æ–¥—É–∫—Ç —É–∂–µ —Å—É—â–µ—Å—Ç–≤—É–µ—Ç: –°–º–∞—Ä—Ç—Ñ–æ–Ω Apple iPhone XS Max 512GB (–∑–æ–ª–æ—Ç–∏—Å—Ç—ã–π) (ID: 4216292)
2024-12-16 16:19:15,860 - ERROR - –ü—Ä–æ–∏–∑–æ—à–ª–∞ –æ—à–∏–±–∫–∞: duplicate key value violates unique constraint "unique_product_info"
DETAIL:  Key (product_id, shop_id, external_id)=(4216292, 3, 4216292) already exists.

2024-12-16 16:22:41,190 - INFO - –õ–æ–≥–∏—Ä–æ–≤–∞–Ω–∏–µ –Ω–∞—Å—Ç—Ä–æ–µ–Ω–æ —É—Å–ø–µ—à–Ω–æ.
2024-12-16 16:22:41,335 - INFO - YAML —Ñ–∞–π–ª —É—Å–ø–µ—à–Ω–æ –∑–∞–≥—Ä—É–∂–µ–Ω.
2024-12-16 16:22:41,364 - INFO - –°–æ–∑–¥–∞–Ω–∞ –Ω–æ–≤–∞—è –∫–∞—Ç–µ–≥–æ—Ä–∏—è: –°–º–∞—Ä—Ç—Ñ–æ–Ω—ã (ID: 224)
2024-12-16 16:22:41,374 - INFO - –°–æ–∑–¥–∞–Ω–∞ –Ω–æ–≤–∞—è –∫–∞—Ç–µ–≥–æ—Ä–∏—è: –ê–∫—Å–µ—Å—Å—É–∞—Ä—ã (ID: 15)
2024-12-16 16:22:41,382 - INFO - –°–æ–∑–¥–∞–Ω–∞ –Ω–æ–≤–∞—è –∫–∞—Ç–µ–≥–æ—Ä–∏—è: Flash-–Ω–∞–∫–æ–ø–∏—Ç–µ–ª–∏ (ID: 1)
2024-12-16 16:22:41,391 - INFO - –°–æ–∑–¥–∞–Ω–∞ –Ω–æ–≤–∞—è –∫–∞—Ç–µ–≥–æ—Ä–∏—è: –¢–µ–ª–µ–≤–∏–∑–æ—Ä—ã (ID: 5)
2024-12-16 16:22:41,403 - INFO - –°–æ–∑–¥–∞–Ω –Ω–æ–≤—ã–π –ø—Ä–æ–¥—É–∫—Ç: –°–º–∞—Ä—Ç—Ñ–æ–Ω Apple iPhone XS Max 512GB (–∑–æ–ª–æ—Ç–∏—Å—Ç—ã–π) (ID: 4216292)
2024-12-16 16:22:41,413 - INFO - –°–æ–∑–¥–∞–Ω–∞ –∏–Ω—Ñ–æ—Ä–º–∞—Ü–∏—è –æ –ø—Ä–æ–¥—É–∫—Ç–µ –¥–ª—è: –°–º–∞—Ä—Ç—Ñ–æ–Ω Apple iPhone XS Max 512GB (–∑–æ–ª–æ—Ç–∏—Å—Ç—ã–π) (ID: 4216292) –≤ –º–∞–≥–∞–∑–∏–Ω–µ Maha
2024-12-16 16:22:41,426 - INFO - –°–æ–∑–¥–∞–Ω –ø–∞—Ä–∞–º–µ—Ç—Ä –î–∏–∞–≥–æ–Ω–∞–ª—å (–¥—é–π–º) —Å–æ –∑–Ω–∞—á–µ–Ω–∏–µ–º 6.5 –¥–ª—è –ø—Ä–æ–¥—É–∫—Ç–∞ –°–º–∞—Ä—Ç—Ñ–æ–Ω Apple iPhone XS Max 512GB (–∑–æ–ª–æ—Ç–∏—Å—Ç—ã–π)
2024-12-16 16:22:41,439 - INFO - –°–æ–∑–¥–∞–Ω –ø–∞—Ä–∞–º–µ—Ç—Ä –†–∞–∑—Ä–µ—à–µ–Ω–∏–µ (–ø–∏–∫—Å) —Å–æ –∑–Ω–∞—á–µ–Ω–∏–µ–º 2688x1242 –¥–ª—è –ø—Ä–æ–¥—É–∫—Ç–∞ –°–º–∞—Ä—Ç—Ñ–æ–Ω Apple iPhone XS Max 512GB (–∑–æ–ª–æ—Ç–∏—Å—Ç—ã–π)
2024-12-16 16:22:41,451 - INFO - –°–æ–∑–¥–∞–Ω –ø–∞—Ä–∞–º–µ—Ç—Ä –í—Å—Ç—Ä–æ–µ–Ω–Ω–∞—è –ø–∞–º—è—Ç—å (–ì–±) —Å–æ –∑–Ω–∞—á–µ–Ω–∏–µ–º 512 –¥–ª—è –ø—Ä–æ–¥—É–∫—Ç–∞ –°–º–∞—Ä—Ç—Ñ–æ–Ω Apple iPhone XS Max 512GB (–∑–æ–ª–æ—Ç–∏—Å—Ç—ã–π)
2024-12-16 16:22:41,463 - INFO - –°–æ–∑–¥–∞–Ω –ø–∞—Ä–∞–º–µ—Ç—Ä –¶–≤–µ—Ç —Å–æ –∑–Ω–∞—á–µ–Ω–∏–µ–º –∑–æ–ª–æ—Ç–∏—Å—Ç—ã–π –¥–ª—è –ø—Ä–æ–¥—É–∫—Ç–∞ –°–º–∞—Ä—Ç—Ñ–æ–Ω Apple iPhone XS Max 512GB (–∑–æ–ª–æ—Ç–∏—Å—Ç—ã–π)
2024-12-16 16:22:41,474 - INFO - –°–æ–∑–¥–∞–Ω –Ω–æ–≤—ã–π –ø—Ä–æ–¥—É–∫—Ç: –°–º–∞—Ä—Ç—Ñ–æ–Ω Apple iPhone XR 256GB (–∫—Ä–∞—Å–Ω—ã–π) (ID: 4216313)
2024-12-16 16:22:41,480 - INFO - –°–æ–∑–¥–∞–Ω–∞ –∏–Ω—Ñ–æ—Ä–º–∞—Ü–∏—è –æ –ø—Ä–æ–¥—É–∫—Ç–µ –¥–ª—è: –°–º–∞—Ä—Ç—Ñ–æ–Ω Apple iPhone XR 256GB (–∫—Ä–∞—Å–Ω—ã–π) (ID: 4216313) –≤ –º–∞–≥–∞–∑–∏–Ω–µ Maha
2024-12-16 16:22:41,487 - INFO - –°–æ–∑–¥–∞–Ω –ø–∞—Ä–∞–º–µ—Ç—Ä –î–∏–∞–≥–æ–Ω–∞–ª—å (–¥—é–π–º) —Å–æ –∑–Ω–∞—á–µ–Ω–∏–µ–º 6.1 –¥–ª—è –ø—Ä–æ–¥—É–∫—Ç–∞ –°–º–∞—Ä—Ç—Ñ–æ–Ω Apple iPhone XR 256GB (–∫—Ä–∞—Å–Ω—ã–π)
2024-12-16 16:22:41,493 - INFO - –°–æ–∑–¥–∞–Ω –ø–∞—Ä–∞–º–µ—Ç—Ä –†–∞–∑—Ä–µ—à–µ–Ω–∏–µ (–ø–∏–∫—Å) —Å–æ –∑–Ω–∞—á–µ–Ω–∏–µ–º 1792x828 –¥–ª—è –ø—Ä–æ–¥—É–∫—Ç–∞ –°–º–∞—Ä—Ç—Ñ–æ–Ω Apple iPhone XR 256GB (–∫—Ä–∞—Å–Ω—ã–π)
2024-12-16 16:22:41,498 - INFO - –°–æ–∑–¥–∞–Ω –ø–∞—Ä–∞–º–µ—Ç—Ä –í—Å—Ç—Ä–æ–µ–Ω–Ω–∞—è –ø–∞–º—è—Ç—å (–ì–±) —Å–æ –∑–Ω–∞—á–µ–Ω–∏–µ–º 256 –¥–ª—è –ø—Ä–æ–¥—É–∫—Ç–∞ –°–º–∞—Ä—Ç—Ñ–æ–Ω Apple iPhone XR 256GB (–∫—Ä–∞—Å–Ω—ã–π)
2024-12-16 16:22:41,505 - INFO - –°–æ–∑–¥–∞–Ω –ø–∞—Ä–∞–º–µ—Ç—Ä –¶–≤–µ—Ç —Å–æ –∑–Ω–∞—á–µ–Ω–∏–µ–º –∫—Ä–∞—Å–Ω—ã–π –¥–ª—è –ø—Ä–æ–¥—É–∫—Ç–∞ –°–º–∞—Ä—Ç—Ñ–æ–Ω Apple iPhone XR 256GB (–∫—Ä–∞—Å–Ω—ã–π)
2024-12-16 16:22:41,517 - INFO - –°–æ–∑–¥–∞–Ω –Ω–æ–≤—ã–π –ø—Ä–æ–¥—É–∫—Ç: –°–º–∞—Ä—Ç—Ñ–æ–Ω Apple iPhone XR 256GB (—á–µ—Ä–Ω—ã–π) (ID: 4216226)
2024-12-16 16:22:41,524 - INFO - –°–æ–∑–¥–∞–Ω–∞ –∏–Ω—Ñ–æ—Ä–º–∞—Ü–∏—è –æ –ø—Ä–æ–¥—É–∫—Ç–µ –¥–ª—è: –°–º–∞—Ä—Ç—Ñ–æ–Ω Apple iPhone XR 256GB (—á–µ—Ä–Ω—ã–π) (ID: 4216226) –≤ –º–∞–≥–∞–∑–∏–Ω–µ Maha
2024-12-16 16:22:41,530 - INFO - –°–æ–∑–¥–∞–Ω –ø–∞—Ä–∞–º–µ—Ç—Ä –î–∏–∞–≥–æ–Ω–∞–ª—å (–¥—é–π–º) —Å–æ –∑–Ω–∞—á–µ–Ω–∏–µ–º 6.1 –¥–ª—è –ø—Ä–æ–¥—É–∫—Ç–∞ –°–º–∞—Ä—Ç—Ñ–æ–Ω Apple iPhone XR 256GB (—á–µ—Ä–Ω—ã–π)
2024-12-16 16:22:41,537 - INFO - –°–æ–∑–¥–∞–Ω –ø–∞—Ä–∞–º–µ—Ç—Ä –†–∞–∑—Ä–µ—à–µ–Ω–∏–µ (–ø–∏–∫—Å) —Å–æ –∑–Ω–∞—á–µ–Ω–∏–µ–º 1792x828 –¥–ª—è –ø—Ä–æ–¥—É–∫—Ç–∞ –°–º–∞—Ä—Ç—Ñ–æ–Ω Apple iPhone XR 256GB (—á–µ—Ä–Ω—ã–π)
2024-12-16 16:22:41,544 - INFO - –°–æ–∑–¥–∞–Ω –ø–∞—Ä–∞–º–µ—Ç—Ä –í—Å—Ç—Ä–æ–µ–Ω–Ω–∞—è –ø–∞–º—è—Ç—å (–ì–±) —Å–æ –∑–Ω–∞—á–µ–Ω–∏–µ–º 256 –¥–ª—è –ø—Ä–æ–¥—É–∫—Ç–∞ –°–º–∞—Ä—Ç—Ñ–æ–Ω Apple iPhone XR 256GB (—á–µ—Ä–Ω—ã–π)
2024-12-16 16:22:41,551 - INFO - –°–æ–∑–¥–∞–Ω –ø–∞—Ä–∞–º–µ—Ç—Ä –¶–≤–µ—Ç —Å–æ –∑–Ω–∞—á–µ–Ω–∏–µ–º —á–µ—Ä–Ω—ã–π –¥–ª—è –ø—Ä–æ–¥—É–∫—Ç–∞ –°–º–∞—Ä—Ç—Ñ–æ–Ω Apple iPhone XR 256GB (—á–µ—Ä–Ω—ã–π)
2024-12-16 16:22:41,561 - INFO - –°–æ–∑–¥–∞–Ω –Ω–æ–≤—ã–π –ø—Ä–æ–¥—É–∫—Ç: –°–º–∞—Ä—Ç—Ñ–æ–Ω Apple iPhone XR 128GB (—Å–∏–Ω–∏–π) (ID: 4672670)
2024-12-16 16:22:41,568 - INFO - –°–æ–∑–¥–∞–Ω–∞ –∏–Ω—Ñ–æ—Ä–º–∞—Ü–∏—è –æ –ø—Ä–æ–¥—É–∫—Ç–µ –¥–ª—è: –°–º–∞—Ä—Ç—Ñ–æ–Ω Apple iPhone XR 128GB (—Å–∏–Ω–∏–π) (ID: 4672670) –≤ –º–∞–≥–∞–∑–∏–Ω–µ Maha
2024-12-16 16:22:41,573 - INFO - –°–æ–∑–¥–∞–Ω –ø–∞—Ä–∞–º–µ—Ç—Ä –î–∏–∞–≥–æ–Ω–∞–ª—å (–¥—é–π–º) —Å–æ –∑–Ω–∞—á–µ–Ω–∏–µ–º 6.1 –¥–ª—è –ø—Ä–æ–¥—É–∫—Ç–∞ –°–º–∞—Ä—Ç—Ñ–æ–Ω Apple iPhone XR 128GB (—Å–∏–Ω–∏–π)
2024-12-16 16:22:41,580 - INFO - –°–æ–∑–¥–∞–Ω –ø–∞—Ä–∞–º–µ—Ç—Ä –†–∞–∑—Ä–µ—à–µ–Ω–∏–µ (–ø–∏–∫—Å) —Å–æ –∑–Ω–∞—á–µ–Ω–∏–µ–º 1792x828 –¥–ª—è –ø—Ä–æ–¥—É–∫—Ç–∞ –°–º–∞—Ä—Ç—Ñ–æ–Ω Apple iPhone XR 128GB (—Å–∏–Ω–∏–π)
2024-12-16 16:22:41,585 - INFO - –°–æ–∑–¥–∞–Ω –ø–∞—Ä–∞–º–µ—Ç—Ä –í—Å—Ç—Ä–æ–µ–Ω–Ω–∞—è –ø–∞–º—è—Ç—å (–ì–±) —Å–æ –∑–Ω–∞—á–µ–Ω–∏–µ–º 256 –¥–ª—è –ø—Ä–æ–¥—É–∫—Ç–∞ –°–º–∞—Ä—Ç—Ñ–æ–Ω Apple iPhone XR 128GB (—Å–∏–Ω–∏–π)
2024-12-16 16:22:41,592 - INFO - –°–æ–∑–¥–∞–Ω –ø–∞—Ä–∞–º–µ—Ç—Ä –¶–≤–µ—Ç —Å–æ –∑–Ω–∞—á–µ–Ω–∏–µ–º —Å–∏–Ω–∏–π –¥–ª—è –ø—Ä–æ–¥—É–∫—Ç–∞ –°–º–∞—Ä—Ç—Ñ–æ–Ω Apple iPhone XR 128GB (—Å–∏–Ω–∏–π)
2024-12-16 16:22:41,602 - INFO - –°–æ–∑–¥–∞–Ω –Ω–æ–≤—ã–π –ø—Ä–æ–¥—É–∫—Ç: Smartphone Samsung Galaxy S20 128GB (black) (ID: 1234567)
2024-12-16 16:22:41,610 - INFO - –°–æ–∑–¥–∞–Ω–∞ –∏–Ω—Ñ–æ—Ä–º–∞—Ü–∏—è –æ –ø—Ä–æ–¥—É–∫—Ç–µ –¥–ª—è: Smartphone Samsung Galaxy S20 128GB (black) (ID: 1234567) –≤ –º–∞–≥–∞–∑–∏–Ω–µ Maha
2024-12-16 16:22:41,623 - INFO - –°–æ–∑–¥–∞–Ω –ø–∞—Ä–∞–º–µ—Ç—Ä Screen Size (inches) —Å–æ –∑–Ω–∞—á–µ–Ω–∏–µ–º 6.2 –¥–ª—è –ø—Ä–æ–¥—É–∫—Ç–∞ Smartphone Samsung Galaxy S20 128GB (black)
2024-12-16 16:22:41,637 - INFO - –°–æ–∑–¥–∞–Ω –ø–∞—Ä–∞–º–µ—Ç—Ä Resolution (pixels) —Å–æ –∑–Ω–∞—á–µ–Ω–∏–µ–º 3200x1440 –¥–ª—è –ø—Ä–æ–¥—É–∫—Ç–∞ Smartphone Samsung Galaxy S20 128GB (black)
2024-12-16 16:22:41,648 - INFO - –°–æ–∑–¥–∞–Ω –ø–∞—Ä–∞–º–µ—Ç—Ä Internal Memory (GB) —Å–æ –∑–Ω–∞—á–µ–Ω–∏–µ–º 128 –¥–ª—è –ø—Ä–æ–¥—É–∫—Ç–∞ Smartphone Samsung Galaxy S20 128GB (black)
2024-12-16 16:22:41,661 - INFO - –°–æ–∑–¥–∞–Ω –ø–∞—Ä–∞–º–µ—Ç—Ä Color —Å–æ –∑–Ω–∞—á–µ–Ω–∏–µ–º black –¥–ª—è –ø—Ä–æ–¥—É–∫—Ç–∞ Smartphone Samsung Galaxy S20 128GB (black)
2024-12-16 16:22:41,671 - INFO - –°–æ–∑–¥–∞–Ω –Ω–æ–≤—ã–π –ø—Ä–æ–¥—É–∫—Ç: Smartphone Samsung Galaxy Note20 256GB (mystic bronze) (ID: 1234568)
2024-12-16 16:22:41,678 - INFO - –°–æ–∑–¥–∞–Ω–∞ –∏–Ω—Ñ–æ—Ä–º–∞—Ü–∏—è –æ –ø—Ä–æ–¥—É–∫—Ç–µ –¥–ª—è: Smartphone Samsung Galaxy Note20 256GB (mystic bronze) (ID: 1234568) –≤ –º–∞–≥–∞–∑–∏–Ω–µ Maha
2024-12-16 16:22:41,684 - INFO - –°–æ–∑–¥–∞–Ω –ø–∞—Ä–∞–º–µ—Ç—Ä Screen Size (inches) —Å–æ –∑–Ω–∞—á–µ–Ω–∏–µ–º 6.7 –¥–ª—è –ø—Ä–æ–¥—É–∫—Ç–∞ Smartphone Samsung Galaxy Note20 256GB (mystic bronze)
2024-12-16 16:22:41,690 - INFO - –°–æ–∑–¥–∞–Ω –ø–∞—Ä–∞–º–µ—Ç—Ä Resolution (pixels) —Å–æ –∑–Ω–∞—á–µ–Ω–∏–µ–º 2400x1080 –¥–ª—è –ø—Ä–æ–¥—É–∫—Ç–∞ Smartphone Samsung Galaxy Note20 256GB (mystic bronze)
2024-12-16 16:22:41,697 - INFO - –°–æ–∑–¥–∞–Ω –ø–∞—Ä–∞–º–µ—Ç—Ä Internal Memory (GB) —Å–æ –∑–Ω–∞—á–µ–Ω–∏–µ–º 256 –¥–ª—è –ø—Ä–æ–¥—É–∫—Ç–∞ Smartphone Samsung Galaxy Note20 256GB (mystic bronze)
2024-12-16 16:22:41,703 - INFO - –°–æ–∑–¥–∞–Ω –ø–∞—Ä–∞–º–µ—Ç—Ä Color —Å–æ –∑–Ω–∞—á–µ–Ω–∏–µ–º mystic bronze –¥–ª—è –ø—Ä–æ–¥—É–∫—Ç–∞ Smartphone Samsung Galaxy Note20 256GB (mystic bronze)
2024-12-16 16:22:41,713 - INFO - –°–æ–∑–¥–∞–Ω –Ω–æ–≤—ã–π –ø—Ä–æ–¥—É–∫—Ç: USB Flash Drive SanDisk Ultra Flair 64GB (silver) (ID: 1235464569)
2024-12-16 16:22:41,720 - INFO - –°–æ–∑–¥–∞–Ω–∞ –∏–Ω—Ñ–æ—Ä–º–∞—Ü–∏—è –æ –ø—Ä–æ–¥—É–∫—Ç–µ –¥–ª—è: USB Flash Drive SanDisk Ultra Flair 64GB (silver) (ID: 1235464569) –≤ –º–∞–≥–∞–∑–∏–Ω–µ Maha
2024-12-16 16:22:41,730 - INFO - –°–æ–∑–¥–∞–Ω –ø–∞—Ä–∞–º–µ—Ç—Ä Capacity (GB) —Å–æ –∑–Ω–∞—á–µ–Ω–∏–µ–º 64 –¥–ª—è –ø—Ä–æ–¥—É–∫—Ç–∞ USB Flash Drive SanDisk Ultra Flair 64GB (silver)
2024-12-16 16:22:41,737 - INFO - –°–æ–∑–¥–∞–Ω –ø–∞—Ä–∞–º–µ—Ç—Ä Color —Å–æ –∑–Ω–∞—á–µ–Ω–∏–µ–º silver –¥–ª—è –ø—Ä–æ–¥—É–∫—Ç–∞ USB Flash Drive SanDisk Ultra Flair 64GB (silver)
2024-12-16 16:22:41,748 - INFO - –°–æ–∑–¥–∞–Ω –Ω–æ–≤—ã–π –ø—Ä–æ–¥—É–∫—Ç: USB Flash Drive Kingston DataTraveler 32GB (red) (ID: 1235434570)
2024-12-16 16:22:41,754 - INFO - –°–æ–∑–¥–∞–Ω–∞ –∏–Ω—Ñ–æ—Ä–º–∞—Ü–∏—è –æ –ø—Ä–æ–¥—É–∫—Ç–µ –¥–ª—è: USB Flash Drive Kingston DataTraveler 32GB (red) (ID: 1235434570) –≤ –º–∞–≥–∞–∑–∏–Ω–µ Maha
2024-12-16 16:22:41,760 - INFO - –°–æ–∑–¥–∞–Ω –ø–∞—Ä–∞–º–µ—Ç—Ä Capacity (GB) —Å–æ –∑–Ω–∞—á–µ–Ω–∏–µ–º 32 –¥–ª—è –ø—Ä–æ–¥—É–∫—Ç–∞ USB Flash Drive Kingston DataTraveler 32GB (red)
2024-12-16 16:22:41,766 - INFO - –°–æ–∑–¥–∞–Ω –ø–∞—Ä–∞–º–µ—Ç—Ä Color —Å–æ –∑–Ω–∞—á–µ–Ω–∏–µ–º red –¥–ª—è –ø—Ä–æ–¥—É–∫—Ç–∞ USB Flash Drive Kingston DataTraveler 32GB (red)
2024-12-16 16:22:41,777 - INFO - –°–æ–∑–¥–∞–Ω –Ω–æ–≤—ã–π –ø—Ä–æ–¥—É–∫—Ç: Smartphone Xiaomi Mi 10T Pro 256GB (cosmic black) (ID: 123544571)
2024-12-16 16:22:41,783 - INFO - –°–æ–∑–¥–∞–Ω–∞ –∏–Ω—Ñ–æ—Ä–º–∞—Ü–∏—è –æ –ø—Ä–æ–¥—É–∫—Ç–µ –¥–ª—è: Smartphone Xiaomi Mi 10T Pro 256GB (cosmic black) (ID: 123544571) –≤ –º–∞–≥–∞–∑–∏–Ω–µ Maha
2024-12-16 16:22:41,788 - INFO - –°–æ–∑–¥–∞–Ω –ø–∞—Ä–∞–º–µ—Ç—Ä Screen Size (inches) —Å–æ –∑–Ω–∞—á–µ–Ω–∏–µ–º 6.67 –¥–ª—è –ø—Ä–æ–¥—É–∫—Ç–∞ Smartphone Xiaomi Mi 10T Pro 256GB (cosmic black)
2024-12-16 16:22:41,793 - INFO - –°–æ–∑–¥–∞–Ω –ø–∞—Ä–∞–º–µ—Ç—Ä Resolution (pixels) —Å–æ –∑–Ω–∞—á–µ–Ω–∏–µ–º 2400x1080 –¥–ª—è –ø—Ä–æ–¥—É–∫—Ç–∞ Smartphone Xiaomi Mi 10T Pro 256GB (cosmic black)
2024-12-16 16:22:41,799 - INFO - –°–æ–∑–¥–∞–Ω –ø–∞—Ä–∞–º–µ—Ç—Ä Internal Memory (GB) —Å–æ –∑–Ω–∞—á–µ–Ω–∏–µ–º 256 –¥–ª—è –ø—Ä–æ–¥—É–∫—Ç–∞ Smartphone Xiaomi Mi 10T Pro 256GB (cosmic black)
2024-12-16 16:22:41,804 - INFO - –°–æ–∑–¥–∞–Ω –ø–∞—Ä–∞–º–µ—Ç—Ä Color —Å–æ –∑–Ω–∞—á–µ–Ω–∏–µ–º cosmic black –¥–ª—è –ø—Ä–æ–¥—É–∫—Ç–∞ Smartphone Xiaomi Mi 10T Pro 256GB (cosmic black)
2024-12-16 16:22:41,814 - INFO - –°–æ–∑–¥–∞–Ω –Ω–æ–≤—ã–π –ø—Ä–æ–¥—É–∫—Ç: Samsung QLED Q90R 65" 4K UHD Smart TV (ID: 1234572)
2024-12-16 16:22:41,821 - INFO - –°–æ–∑–¥–∞–Ω–∞ –∏–Ω—Ñ–æ—Ä–º–∞—Ü–∏—è –æ –ø—Ä–æ–¥—É–∫—Ç–µ –¥–ª—è: Samsung QLED Q90R 65" 4K UHD Smart TV (ID: 1234572) –≤ –º–∞–≥–∞–∑–∏–Ω–µ Maha
2024-12-16 16:22:41,827 - INFO - –°–æ–∑–¥–∞–Ω –ø–∞—Ä–∞–º–µ—Ç—Ä Screen Size (inches) —Å–æ –∑–Ω–∞—á–µ–Ω–∏–µ–º 65 –¥–ª—è –ø—Ä–æ–¥—É–∫—Ç–∞ Samsung QLED Q90R 65" 4K UHD Smart TV
2024-12-16 16:22:41,833 - INFO - –°–æ–∑–¥–∞–Ω –ø–∞—Ä–∞–º–µ—Ç—Ä Resolution (pixels) —Å–æ –∑–Ω–∞—á–µ–Ω–∏–µ–º 3840x2160 –¥–ª—è –ø—Ä–æ–¥—É–∫—Ç–∞ Samsung QLED Q90R 65" 4K UHD Smart TV
2024-12-16 16:22:41,845 - INFO - –°–æ–∑–¥–∞–Ω –ø–∞—Ä–∞–º–µ—Ç—Ä Smart TV —Å–æ –∑–Ω–∞—á–µ–Ω–∏–µ–º True –¥–ª—è –ø—Ä–æ–¥—É–∫—Ç–∞ Samsung QLED Q90R 65" 4K UHD Smart TV
2024-12-16 16:22:41,855 - INFO - –°–æ–∑–¥–∞–Ω –Ω–æ–≤—ã–π –ø—Ä–æ–¥—É–∫—Ç: LG OLED CX 55" 4K UHD Smart TV (ID: 123476573)
2024-12-16 16:22:41,862 - INFO - –°–æ–∑–¥–∞–Ω–∞ –∏–Ω—Ñ–æ—Ä–º–∞—Ü–∏—è –æ –ø—Ä–æ–¥—É–∫—Ç–µ –¥–ª—è: LG OLED CX 55" 4K UHD Smart TV (ID: 123476573) –≤ –º–∞–≥–∞–∑–∏–Ω–µ Maha
2024-12-16 16:22:41,868 - INFO - –°–æ–∑–¥–∞–Ω –ø–∞—Ä–∞–º–µ—Ç—Ä Screen Size (inches) —Å–æ –∑–Ω–∞—á–µ–Ω–∏–µ–º 55 –¥–ª—è –ø—Ä–æ–¥—É–∫—Ç–∞ LG OLED CX 55" 4K UHD Smart TV
2024-12-16 16:22:41,874 - INFO - –°–æ–∑–¥–∞–Ω –ø–∞—Ä–∞–º–µ—Ç—Ä Resolution (pixels) —Å–æ –∑–Ω–∞—á–µ–Ω–∏–µ–º 3840x2160 –¥–ª—è –ø—Ä–æ–¥—É–∫—Ç–∞ LG OLED CX 55" 4K UHD Smart TV
2024-12-16 16:22:41,880 - INFO - –°–æ–∑–¥–∞–Ω –ø–∞—Ä–∞–º–µ—Ç—Ä Smart TV —Å–æ –∑–Ω–∞—á–µ–Ω–∏–µ–º True –¥–ª—è –ø—Ä–æ–¥—É–∫—Ç–∞ LG OLED CX 55" 4K UHD Smart TV
2024-12-16 16:22:41,890 - INFO - –°–æ–∑–¥–∞–Ω –Ω–æ–≤—ã–π –ø—Ä–æ–¥—É–∫—Ç: Sony Bravia X900H 75" 4K UHD Smart TV (ID: 1234453574)
2024-12-16 16:22:41,897 - INFO - –°–æ–∑–¥–∞–Ω–∞ –∏–Ω—Ñ–æ—Ä–º–∞—Ü–∏—è –æ –ø—Ä–æ–¥—É–∫—Ç–µ –¥–ª—è: Sony Bravia X900H 75" 4K UHD Smart TV (ID: 1234453574) –≤ –º–∞–≥–∞–∑–∏–Ω–µ Maha
2024-12-16 16:22:41,903 - INFO - –°–æ–∑–¥–∞–Ω –ø–∞—Ä–∞–º–µ—Ç—Ä Screen Size (inches) —Å–æ –∑–Ω–∞—á–µ–Ω–∏–µ–º 75 –¥–ª—è –ø—Ä–æ–¥—É–∫—Ç–∞ Sony Bravia X900H 75" 4K UHD Smart TV
2024-12-16 16:22:41,909 - INFO - –°–æ–∑–¥–∞–Ω –ø–∞—Ä–∞–º–µ—Ç—Ä Resolution (pixels) —Å–æ –∑–Ω–∞—á–µ–Ω–∏–µ–º 3840x2160 –¥–ª—è –ø—Ä–æ–¥—É–∫—Ç–∞ Sony Bravia X900H 75" 4K UHD Smart TV
2024-12-16 16:22:41,914 - INFO - –°–æ–∑–¥–∞–Ω –ø–∞—Ä–∞–º–µ—Ç—Ä Smart TV —Å–æ –∑–Ω–∞—á–µ–Ω–∏–µ–º True –¥–ª—è –ø—Ä–æ–¥—É–∫—Ç–∞ Sony Bravia X900H 75" 4K UHD Smart TV
2024-12-16 16:22:41,924 - INFO - –°–æ–∑–¥–∞–Ω –Ω–æ–≤—ã–π –ø—Ä–æ–¥—É–∫—Ç: TCL 6-Series 55" 4K UHD Smart TV (ID: 123234575)
2024-12-16 16:22:41,931 - INFO - –°–æ–∑–¥–∞–Ω–∞ –∏–Ω—Ñ–æ—Ä–º–∞—Ü–∏—è –æ –ø—Ä–æ–¥—É–∫—Ç–µ –¥–ª—è: TCL 6-Series 55" 4K UHD Smart TV (ID: 123234575) –≤ –º–∞–≥–∞–∑–∏–Ω–µ Maha
2024-12-16 16:22:41,938 - INFO - –°–æ–∑–¥–∞–Ω –ø–∞—Ä–∞–º–µ—Ç—Ä Screen Size (inches) —Å–æ –∑–Ω–∞—á–µ–Ω–∏–µ–º 55 –¥–ª—è –ø—Ä–æ–¥—É–∫—Ç–∞ TCL 6-Series 55" 4K UHD Smart TV
2024-12-16 16:22:41,944 - INFO - –°–æ–∑–¥–∞–Ω –ø–∞—Ä–∞–º–µ—Ç—Ä Resolution (pixels) —Å–æ –∑–Ω–∞—á–µ–Ω–∏–µ–º 3840x2160 –¥–ª—è –ø—Ä–æ–¥—É–∫—Ç–∞ TCL 6-Series 55" 4K UHD Smart TV
2024-12-16 16:22:41,950 - INFO - –°–æ–∑–¥–∞–Ω –ø–∞—Ä–∞–º–µ—Ç—Ä Smart TV —Å–æ –∑–Ω–∞—á–µ–Ω–∏–µ–º True –¥–ª—è –ø—Ä–æ–¥—É–∫—Ç–∞ TCL 6-Series 55" 4K UHD Smart TV
2024-12-16 16:22:41,960 - INFO - –°–æ–∑–¥–∞–Ω –Ω–æ–≤—ã–π –ø—Ä–æ–¥—É–∫—Ç: Vizio P-Series Quantum 65" 4K UHD Smart TV (ID: 123424576)
2024-12-16 16:22:41,966 - INFO - –°–æ–∑–¥–∞–Ω–∞ –∏–Ω—Ñ–æ—Ä–º–∞—Ü–∏—è –æ –ø—Ä–æ–¥—É–∫—Ç–µ –¥–ª—è: Vizio P-Series Quantum 65" 4K UHD Smart TV (ID: 123424576) –≤ –º–∞–≥–∞–∑–∏–Ω–µ Maha
2024-12-16 16:22:41,972 - INFO - –°–æ–∑–¥–∞–Ω –ø–∞—Ä–∞–º–µ—Ç—Ä Screen Size (inches) —Å–æ –∑–Ω–∞—á–µ–Ω–∏–µ–º 65 –¥–ª—è –ø—Ä–æ–¥—É–∫—Ç–∞ Vizio P-Series Quantum 65" 4K UHD Smart TV
2024-12-16 16:22:41,978 - INFO - –°–æ–∑–¥–∞–Ω –ø–∞—Ä–∞–º–µ—Ç—Ä Resolution (pixels) —Å–æ –∑–Ω–∞—á–µ–Ω–∏–µ–º 3840x2160 –¥–ª—è –ø—Ä–æ–¥—É–∫—Ç–∞ Vizio P-Series Quantum 65" 4K UHD Smart TV
2024-12-16 16:22:41,984 - INFO - –°–æ–∑–¥–∞–Ω –ø–∞—Ä–∞–º–µ—Ç—Ä Smart TV —Å–æ –∑–Ω–∞—á–µ–Ω–∏–µ–º True –¥–ª—è –ø—Ä–æ–¥—É–∫—Ç–∞ Vizio P-Series Quantum 65" 4K UHD Smart TV
2024-12-16 16:22:41,985 - INFO - –î–∞–Ω–Ω—ã–µ —É—Å–ø–µ—à–Ω–æ –∑–∞–≥—Ä—É–∂–µ–Ω—ã!
